<?xml version="1.0" encoding="UTF-8"?>
<!-- Generated by org.testng.reporters.JUnitXMLReporter -->
<testsuite ignored="0" hostname="DESKTOP-BCVAUGE" failures="0" tests="5" name="Default test" time="0.222" errors="0" timestamp="2021-10-17T21:54:18 IST">
  <testcase classname="calculator.StringCalculatorShould" name="empty_string_should_return_0" time="0.017"/>
  <testcase classname="calculator.StringCalculatorShould" name="multipleDelimiterReturnSum" time="0.007"/>
  <testcase classname="calculator.StringCalculatorShould" name="threeNumbersDelimitedBothWayReturnSum" time="0.01"/>
  <testcase classname="calculator.StringCalculatorShould" name="twoNumbersCommaDelimitedReturnSum" time="0.008"/>
  <testcase classname="calculator.StringCalculatorShould" name="twoNumbersNewLineDelimitedReturnSum" time="0.008"/>
</testsuite> <!-- Default test -->
