<?xml version="1.0" encoding="UTF-8"?>
<!-- Generated by org.testng.reporters.JUnitXMLReporter -->
<testsuite ignored="0" hostname="DESKTOP-BCVAUGE" failures="0" tests="3" name="Default test" time="0.197" errors="0" timestamp="2021-10-17T21:48:01 IST">
  <testcase classname="calculator.StringCalculatorShould" name="empty_string_should_return_0" time="0.024"/>
  <testcase classname="calculator.StringCalculatorShould" name="twoNumbersCommaDelimitedReturnSum" time="0.004"/>
  <testcase classname="calculator.StringCalculatorShould" name="twoNumbersNewLineDelimitedReturnSum" time="0.009"/>
</testsuite> <!-- Default test -->
