<?xml version="1.0" encoding="UTF-8"?>
<testng-results ignored="0" total="4" passed="4" failed="0" skipped="0">
  <reporter-output>
  </reporter-output>
  <suite started-at="2021-10-17T21:50:45 IST" name="Default suite" finished-at="2021-10-17T21:50:46 IST" duration-ms="229">
    <groups>
    </groups>
    <test started-at="2021-10-17T21:50:45 IST" name="Default test" finished-at="2021-10-17T21:50:46 IST" duration-ms="229">
      <class name="calculator.StringCalculatorShould">
        <test-method is-config="true" signature="init()[pri:0, instance:calculator.StringCalculatorShould@d29f28]" started-at="2021-10-17T21:50:45 IST" name="init" finished-at="2021-10-17T21:50:46 IST" duration-ms="26" status="PASS">
          <reporter-output>
          </reporter-output>
        </test-method> <!-- init -->
        <test-method signature="empty_string_should_return_0()[pri:0, instance:calculator.StringCalculatorShould@d29f28]" started-at="2021-10-17T21:50:46 IST" name="empty_string_should_return_0" finished-at="2021-10-17T21:50:46 IST" duration-ms="22" status="PASS">
          <reporter-output>
          </reporter-output>
        </test-method> <!-- empty_string_should_return_0 -->
        <test-method signature="threeNumbersDelimitedBothWayReturnSum()[pri:0, instance:calculator.StringCalculatorShould@d29f28]" started-at="2021-10-17T21:50:46 IST" name="threeNumbersDelimitedBothWayReturnSum" finished-at="2021-10-17T21:50:46 IST" duration-ms="5" status="PASS">
          <reporter-output>
          </reporter-output>
        </test-method> <!-- threeNumbersDelimitedBothWayReturnSum -->
        <test-method signature="twoNumbersCommaDelimitedReturnSum()[pri:0, instance:calculator.StringCalculatorShould@d29f28]" started-at="2021-10-17T21:50:46 IST" name="twoNumbersCommaDelimitedReturnSum" finished-at="2021-10-17T21:50:46 IST" duration-ms="13" status="PASS">
          <reporter-output>
          </reporter-output>
        </test-method> <!-- twoNumbersCommaDelimitedReturnSum -->
        <test-method signature="twoNumbersNewLineDelimitedReturnSum()[pri:0, instance:calculator.StringCalculatorShould@d29f28]" started-at="2021-10-17T21:50:46 IST" name="twoNumbersNewLineDelimitedReturnSum" finished-at="2021-10-17T21:50:46 IST" duration-ms="3" status="PASS">
          <reporter-output>
          </reporter-output>
        </test-method> <!-- twoNumbersNewLineDelimitedReturnSum -->
      </class> <!-- calculator.StringCalculatorShould -->
    </test> <!-- Default test -->
  </suite> <!-- Default suite -->
</testng-results>
