<?xml version="1.0" encoding="UTF-8"?>
<testng-results ignored="0" total="6" passed="6" failed="0" skipped="0">
  <reporter-output>
  </reporter-output>
  <suite started-at="2021-10-17T21:57:39 IST" name="Default suite" finished-at="2021-10-17T21:57:39 IST" duration-ms="294">
    <groups>
    </groups>
    <test started-at="2021-10-17T21:57:39 IST" name="Default test" finished-at="2021-10-17T21:57:39 IST" duration-ms="294">
      <class name="calculator.StringCalculatorShould">
        <test-method is-config="true" signature="init()[pri:0, instance:calculator.StringCalculatorShould@29d89d5d]" started-at="2021-10-17T21:57:39 IST" name="init" finished-at="2021-10-17T21:57:39 IST" duration-ms="33" status="PASS">
          <reporter-output>
          </reporter-output>
        </test-method> <!-- init -->
        <test-method signature="empty_string_should_return_0()[pri:0, instance:calculator.StringCalculatorShould@29d89d5d]" started-at="2021-10-17T21:57:39 IST" name="empty_string_should_return_0" finished-at="2021-10-17T21:57:39 IST" duration-ms="19" status="PASS">
          <reporter-output>
          </reporter-output>
        </test-method> <!-- empty_string_should_return_0 -->
        <test-method signature="multipleDelimiterReturnSum()[pri:0, instance:calculator.StringCalculatorShould@29d89d5d]" started-at="2021-10-17T21:57:39 IST" name="multipleDelimiterReturnSum" finished-at="2021-10-17T21:57:39 IST" duration-ms="16" status="PASS">
          <reporter-output>
          </reporter-output>
        </test-method> <!-- multipleDelimiterReturnSum -->
        <test-method signature="string_with_single_number_should_return_number_as_int()[pri:0, instance:calculator.StringCalculatorShould@29d89d5d]" started-at="2021-10-17T21:57:39 IST" name="string_with_single_number_should_return_number_as_int" finished-at="2021-10-17T21:57:39 IST" duration-ms="12" status="PASS">
          <reporter-output>
          </reporter-output>
        </test-method> <!-- string_with_single_number_should_return_number_as_int -->
        <test-method signature="threeNumbersDelimitedBothWayReturnSum()[pri:0, instance:calculator.StringCalculatorShould@29d89d5d]" started-at="2021-10-17T21:57:39 IST" name="threeNumbersDelimitedBothWayReturnSum" finished-at="2021-10-17T21:57:39 IST" duration-ms="16" status="PASS">
          <reporter-output>
          </reporter-output>
        </test-method> <!-- threeNumbersDelimitedBothWayReturnSum -->
        <test-method signature="twoNumbersCommaDelimitedReturnSum()[pri:0, instance:calculator.StringCalculatorShould@29d89d5d]" started-at="2021-10-17T21:57:39 IST" name="twoNumbersCommaDelimitedReturnSum" finished-at="2021-10-17T21:57:39 IST" duration-ms="15" status="PASS">
          <reporter-output>
          </reporter-output>
        </test-method> <!-- twoNumbersCommaDelimitedReturnSum -->
        <test-method signature="twoNumbersNewLineDelimitedReturnSum()[pri:0, instance:calculator.StringCalculatorShould@29d89d5d]" started-at="2021-10-17T21:57:39 IST" name="twoNumbersNewLineDelimitedReturnSum" finished-at="2021-10-17T21:57:39 IST" duration-ms="7" status="PASS">
          <reporter-output>
          </reporter-output>
        </test-method> <!-- twoNumbersNewLineDelimitedReturnSum -->
      </class> <!-- calculator.StringCalculatorShould -->
    </test> <!-- Default test -->
  </suite> <!-- Default suite -->
</testng-results>
